June 25 2002   7:53:24.176 PM
 
STRIPACKD_PRB
  Tests for STRIPACKD.



               stripack triangulation data structure,  n =     9


 Node    Longitude      Latitude                  neighbors of node


    1   0.000000E+00   0.900000E+02        7    8    9    2    3    4    5    6

    2   0.000000E+00   0.600000E+02        3    1    9    0
 
    3   0.450000E+02   0.600000E+02        4    1    2    0
 
    4   0.900000E+02   0.600000E+02        5    1    3    0
 
    5   0.135000E+03   0.600000E+02        6    1    4    0
 
    6   0.180000E+03   0.600000E+02        7    1    5    0
 
    7   0.225000E+03   0.600000E+02        8    1    6    0
 
    8   0.270000E+03   0.600000E+02        9    1    7    0
 
    9   0.315000E+03   0.600000E+02        2    1    8    0
 
 
 nb =    8 boundary nodes     na =    16 arcs     nt =     8 triangles



                  stripack (trlist) output,  n =    9


                Node        Longitude         Latitude


                   1     0.000000E+00     0.900000E+02
                   2     0.000000E+00     0.600000E+02
                   3     0.450000E+02     0.600000E+02
                   4     0.900000E+02     0.600000E+02
                   5     0.135000E+03     0.600000E+02
                   6     0.180000E+03     0.600000E+02
                   7     0.225000E+03     0.600000E+02
                   8     0.270000E+03     0.600000E+02
                   9     0.315000E+03     0.600000E+02


triangle        vertices            neighbors              arcs
    kt       n1     n2     n3    kt1    kt2    kt3    ka1    ka2    ka3

     1        1      7      8      0      2      8      1      3     15
     2        1      8      9      0      3      1      2      5      3
     3        1      9      2      0      4      2      4      7      5
     4        1      2      3      0      5      3      6      9      7
     5        1      3      4      0      6      4      8     11      9
     6        1      4      5      0      7      5     10     13     11
     7        1      5      6      0      8      6     12     16     13
     8        1      6      7      0      1      7     14     15     16
 
  Number of boundary nodes NB =      8
  Number of arcs NA =               16
  Number of triangles NT =           8
 
TRPLOT created the triangulation plot file: stripack_prb_del.eps
 
  Relative area of convex hull =     0.06
 
  Output from BNODES:
  Number of boundary nodes =      8
  Number of arcs =               16
  Number of triangles =           8
 
VRPLOT created the Voronoi plot file: stripack_prb_vor.eps
 
  Voronoi region for node      1
 
     Triangle     Latitude     Longitude     Circumradius
 
            8    73.826461   -112.500000         0.282282
            9    73.826461    -67.500000         0.282282
           10    73.826461    -22.500000         0.282282
           11    73.826461     22.500000         0.282282
           12    73.826461     67.500000         0.282282
           13    73.826461    112.500000         0.282282
           14    73.826461    157.500000         0.282282
            7    73.826461   -157.500000         0.282282
 
STRIPACKD_PRB
  Normal end of execution.
