June 26 2002  11:03:21.413 AM
 
STRIPACK_PRB2
  A sample application of the data produced by
  STRIPACK.  Here, we have STRIPACK compute the
  Voronoi diagram of a set of points on the unit
  sphere, and then we do a simple check by computing
  the polygonal area and summing.
 
VORONOI_POLY_COUNT
  Number of polygons of each shape.
 
  Faces =        32
  Vertices =     60
  Edges =        90
 
  F+V-E-2 =       0
 
 Sides  Number
 
     4     6
     5     8
     6    10
     7     8
 
VORONOI_TRAVERSE
  Visit each Voronoi polygon.
  Compute the (spherical) area of each subtriangle
  Add up to get the area of each polygon.
 
            0.429311E-02
            0.837378E-02
            0.142840E-01
            0.103609E-01
            0.113638E-01
            0.145944E-02
 
 1  0.501349E-01
 
            0.409339E-02
            0.110268E-01
            0.783714E-02
            0.306556E-02
            0.137136E-01
 
 2  0.397364E-01
 
            0.104975    
            0.381275    
            0.280146    
            0.113234E-02
            0.848083E-02
            0.145799E-01
            0.224751    
 
 3   1.01534    
 
            0.228228E-02
            0.324905E-02
            0.323664E-02
            0.270841E-02
            0.222427E-02
            0.138315E-01
            0.145799E-01
 
 4  0.421121E-01
 
            0.224751    
            0.138315E-01
            0.156845E-01
            0.348270    
 
 5  0.602536    
 
            0.100772E-01
            0.173577E-01
            0.100052E-01
            0.394159E-02
            0.389206E-02
            0.124237E-01
 
 6  0.576975E-01
 
            0.203573    
            0.104975    
            0.348270    
            0.808473E-02
            0.110268E-01
            0.296962    
 
 7  0.972891    
 
            0.885448E-04
            0.356236E-02
            0.683755E-02
            0.476379E-02
            0.145944E-02
            0.609630E-02
 
 8  0.228080E-01
 
            0.215083    
            0.445578E-02
            0.837378E-02
            0.215801E-01
            0.161654    
 
 9  0.411147    
 
            0.101952E-01
            0.231230E-01
            0.164650E-01
            0.173577E-01
            0.445965E-02
 
10  0.716005E-01
 
            0.621394E-02
            0.154036E-02
            0.390952E-02
            0.488233E-02
            0.324905E-02
            0.230139E-03
            0.124237E-01
 
11  0.324491E-01
 
            0.274934E-02
            0.410030E-02
            0.445965E-02
            0.100772E-01
            0.230139E-03
            0.228228E-02
            0.848083E-02
 
12  0.323797E-01
 
            0.165816E-01
            0.649967E-02
            0.814799E-02
            0.609630E-02
            0.113638E-01
 
13  0.486893E-01
 
            0.185795    
            0.161654    
            0.389379E-01
            0.256636E-01
            0.200606E-01
            0.234593    
 
14  0.666704    
 
            0.222309    
            0.788580    
            0.149419    
            0.248600E-01
            0.280146    
 
15   1.46531    
 
            0.808473E-02
            0.156845E-01
            0.222427E-02
            0.660989E-02
            0.482802E-02
            0.783714E-02
 
16  0.452686E-01
 
            0.163547E-02
            0.150842E-01
            0.274934E-02
            0.113234E-02
            0.248600E-01
 
17  0.454613E-01
 
             1.53522    
            0.234593    
            0.187926    
            0.788580    
 
18   2.74632    
 
            0.224613E-02
            0.544165E-02
            0.154036E-02
            0.943653E-02
            0.649967E-02
            0.413759E-02
            0.532458E-02
 
19  0.346265E-01
 
            0.659863E-02
            0.413759E-02
            0.165816E-01
            0.103609E-01
            0.304458E-01
            0.137136E-01
 
20  0.818381E-01
 
            0.574164E-02
            0.100052E-01
            0.164650E-01
            0.337164E-02
            0.256636E-01
            0.328071E-02
            0.683755E-02
 
21  0.713653E-01
 
            0.488233E-02
            0.160147E-02
            0.961586E-03
            0.323664E-02
 
22  0.106820E-01
 
            0.296962    
            0.409339E-02
            0.304458E-01
            0.142840E-01
            0.445578E-02
            0.118888    
 
23  0.469129    
 
            0.659863E-02
            0.306556E-02
            0.482802E-02
            0.118798E-02
            0.532458E-02
 
24  0.210048E-01
 
             1.53522    
            0.222309    
            0.381275    
            0.203573    
            0.118888    
            0.215083    
            0.185795    
 
25   2.86214    
 
            0.328071E-02
            0.389379E-01
            0.215801E-01
            0.429311E-02
            0.476379E-02
 
26  0.728555E-01
 
            0.356236E-02
            0.142005E-02
            0.394159E-02
            0.574164E-02
 
27  0.146656E-01
 
            0.149419    
            0.187926    
            0.200606E-01
            0.337164E-02
            0.231230E-01
            0.435226E-01
            0.163547E-02
 
28  0.429058    
 
            0.390952E-02
            0.544165E-02
            0.182408E-02
            0.160147E-02
 
29  0.127767E-01
 
            0.150842E-01
            0.435226E-01
            0.101952E-01
            0.410030E-02
 
30  0.729023E-01
 
            0.182408E-02
            0.224613E-02
            0.118798E-02
            0.660989E-02
            0.270841E-02
            0.961586E-03
 
31  0.155381E-01
 
            0.885448E-04
            0.814799E-02
            0.943653E-02
            0.621394E-02
            0.389206E-02
            0.142005E-02
 
32  0.291991E-01
 
  Sphere area from Voronoi polygons =     12.566371
  Exact area from spherical geometry =    12.566371
