June 26 2002  11:02:18.434 AM
 
STRIPACK_PRB2
  A sample application of the data produced by
  STRIPACK.  Here, we have STRIPACK compute the
  Voronoi diagram of a set of points on the unit
  sphere, and then we do a simple check by computing
  the polygonal area and summing.
 
VORONOI_POLY_COUNT
  Number of polygons of each shape.
 
  Faces =        32
  Vertices =     60
  Edges =        90
 
  F+V-E-2 =       0
 
 Sides  Number
 
     4     6
     5     8
     6    10
     7     8
 
VORONOI_TRAVERSE
  Visit each Voronoi polygon.
  Compute the (spherical) area of each subtriangle
  Add up to get the area of each polygon.
 
            0.429314E-02
            0.837383E-02
            0.142840E-01
            0.103610E-01
            0.113638E-01
            0.145945E-02
 
 1  0.501352E-01
 
            0.409348E-02
            0.110269E-01
            0.783718E-02
            0.306554E-02
            0.137137E-01
 
 2  0.397367E-01
 
            0.104975    
            0.381273    
            0.280146    
            0.113247E-02
            0.848076E-02
            0.145800E-01
            0.224751    
 
 3   1.01534    
 
            0.228226E-02
            0.324919E-02
            0.323672E-02
            0.270846E-02
            0.222435E-02
            0.138315E-01
            0.145800E-01
 
 4  0.421125E-01
 
            0.224750    
            0.138314E-01
            0.156845E-01
            0.348270    
 
 5  0.602536    
 
            0.100772E-01
            0.173576E-01
            0.100052E-01
            0.394163E-02
            0.389199E-02
            0.124237E-01
 
 6  0.576973E-01
 
            0.203574    
            0.104975    
            0.348270    
            0.808471E-02
            0.110267E-01
            0.296962    
 
 7  0.972891    
 
            0.884856E-04
            0.356241E-02
            0.683753E-02
            0.476375E-02
            0.145944E-02
            0.609630E-02
 
 8  0.228079E-01
 
            0.215083    
            0.445571E-02
            0.837374E-02
            0.215800E-01
            0.161654    
 
 9  0.411147    
 
            0.101953E-01
            0.231231E-01
            0.164650E-01
            0.173577E-01
            0.445967E-02
 
10  0.716007E-01
 
            0.621398E-02
            0.154041E-02
            0.390957E-02
            0.488229E-02
            0.324918E-02
            0.230172E-03
            0.124238E-01
 
11  0.324494E-01
 
            0.274922E-02
            0.410024E-02
            0.445964E-02
            0.100771E-01
            0.230174E-03
            0.228225E-02
            0.848074E-02
 
12  0.323794E-01
 
            0.165815E-01
            0.649968E-02
            0.814797E-02
            0.609627E-02
            0.113637E-01
 
13  0.486891E-01
 
            0.185795    
            0.161654    
            0.389378E-01
            0.256636E-01
            0.200605E-01
            0.234593    
 
14  0.666704    
 
            0.222311    
            0.788580    
            0.149419    
            0.248598E-01
            0.280145    
 
15   1.46531    
 
            0.808474E-02
            0.156846E-01
            0.222435E-02
            0.660990E-02
            0.482810E-02
            0.783722E-02
 
16  0.452689E-01
 
            0.163565E-02
            0.150843E-01
            0.274944E-02
            0.113247E-02
            0.248602E-01
 
17  0.454620E-01
 
             1.53522    
            0.234593    
            0.187926    
            0.788580    
 
18   2.74632    
 
            0.224616E-02
            0.544163E-02
            0.154040E-02
            0.943652E-02
            0.649969E-02
            0.413763E-02
            0.532464E-02
 
19  0.346267E-01
 
            0.659858E-02
            0.413760E-02
            0.165815E-01
            0.103609E-01
            0.304458E-01
            0.137135E-01
 
20  0.818379E-01
 
            0.574166E-02
            0.100052E-01
            0.164650E-01
            0.337167E-02
            0.256636E-01
            0.328075E-02
            0.683755E-02
 
21  0.713655E-01
 
            0.488222E-02
            0.160144E-02
            0.961556E-03
            0.323647E-02
 
22  0.106817E-01
 
            0.296961    
            0.409347E-02
            0.304458E-01
            0.142840E-01
            0.445570E-02
            0.118888    
 
23  0.469128    
 
            0.659858E-02
            0.306552E-02
            0.482795E-02
            0.118790E-02
            0.532451E-02
 
24  0.210045E-01
 
             1.53522    
            0.222311    
            0.381273    
            0.203574    
            0.118889    
            0.215083    
            0.185795    
 
25   2.86214    
 
            0.328074E-02
            0.389379E-01
            0.215800E-01
            0.429313E-02
            0.476381E-02
 
26  0.728556E-01
 
            0.356242E-02
            0.142018E-02
            0.394164E-02
            0.574164E-02
 
27  0.146659E-01
 
            0.149419    
            0.187926    
            0.200605E-01
            0.337166E-02
            0.231230E-01
            0.435226E-01
            0.163566E-02
 
28  0.429058    
 
            0.390947E-02
            0.544162E-02
            0.182409E-02
            0.160146E-02
 
29  0.127766E-01
 
            0.150842E-01
            0.435225E-01
            0.101952E-01
            0.410030E-02
 
30  0.729022E-01
 
            0.182409E-02
            0.224615E-02
            0.118791E-02
            0.660986E-02
            0.270838E-02
            0.961576E-03
 
31  0.155380E-01
 
            0.884833E-04
            0.814799E-02
            0.943653E-02
            0.621397E-02
            0.389199E-02
            0.141993E-02
 
32  0.291989E-01
 
  Sphere area from Voronoi polygons =     12.566372
  Exact area from spherical geometry =    12.566371
